{
  "RSpec": {
    "coverage": {
      "/Users/preetiudas/projects/oystercard/spec/journey_spec.rb": [
        1,
        null,
        1,
        null,
        null,
        7,
        2,
        2,
        7,
        null,
        1,
        null,
        1,
        1,
        null,
        null,
        1,
        1,
        1,
        null,
        null,
        1,
        1,
        null,
        null,
        null,
        1,
        null,
        1,
        1,
        1,
        null,
        null,
        1,
        1,
        1,
        null,
        null,
        1,
        1,
        1,
        null,
        null,
        null,
        null
      ],
      "/Users/preetiudas/projects/oystercard/lib/journey.rb": [
        1,
        1,
        null,
        1,
        null,
        1,
        15,
        15,
        15,
        15,
        null,
        null,
        1,
        1,
        null,
        null,
        1,
        0,
        null,
        null,
        1,
        4,
        null,
        null,
        1,
        8,
        null,
        null,
        1,
        3,
        null,
        null,
        null
      ],
      "/Users/preetiudas/projects/oystercard/lib/station.rb": [
        1,
        1,
        null,
        1,
        null,
        1,
        null,
        1,
        2,
        2,
        null,
        null,
        null
      ],
      "/Users/preetiudas/projects/oystercard/lib/oyster.rb": [
        1,
        null,
        1,
        null,
        1,
        17,
        17,
        17,
        17,
        null,
        null,
        null,
        1,
        4,
        null,
        null,
        1,
        2,
        0,
        0,
        null,
        null,
        1,
        1,
        0,
        0,
        0,
        0,
        null,
        null,
        1,
        6,
        5,
        null,
        null,
        1,
        4,
        null,
        null,
        1,
        0,
        null,
        null,
        1,
        1,
        null,
        null,
        1,
        10,
        null,
        null,
        1,
        2,
        2,
        6,
        null,
        2,
        2,
        null,
        null,
        null
      ],
      "/Users/preetiudas/projects/oystercard/lib/calculatezone.rb": [
        1,
        null,
        1,
        2,
        null,
        null,
        null,
        null,
        null,
        null,
        null,
        1,
        2,
        3,
        null,
        0,
        null,
        null
      ],
      "/Users/preetiudas/projects/oystercard/lib/calculatefare.rb": [
        1,
        null,
        1,
        null,
        1,
        20,
        null,
        null,
        1,
        2,
        null,
        null,
        1,
        3,
        2,
        1,
        0,
        1,
        0,
        0,
        null,
        null,
        null,
        null
      ],
      "/Users/preetiudas/projects/oystercard/spec/oyster_spec.rb": [
        1,
        1,
        null,
        1,
        1,
        2,
        null,
        1,
        1,
        1,
        null,
        null,
        1,
        1,
        1,
        null,
        null,
        1,
        2,
        null,
        null,
        1,
        1,
        null,
        null,
        null,
        1,
        1,
        1,
        1,
        null,
        null,
        null,
        1,
        1,
        1,
        1,
        1,
        1,
        1,
        null,
        null,
        1,
        1,
        1,
        1,
        null,
        null,
        null,
        1,
        1,
        1,
        1,
        1,
        1,
        null,
        null,
        1,
        1,
        1,
        1,
        1,
        1,
        null,
        null,
        null,
        null,
        null,
        1,
        1,
        1,
        null,
        null,
        1,
        1,
        1,
        1,
        0,
        null,
        null,
        1,
        1,
        1,
        2,
        null,
        null,
        null,
        1,
        1,
        1,
        1,
        1,
        0,
        0,
        null,
        null,
        1,
        2,
        null,
        null,
        null,
        1,
        1,
        1,
        1,
        null,
        null,
        null,
        null,
        null,
        null
      ],
      "/Users/preetiudas/projects/oystercard/spec/station_spec.rb": [
        1,
        null,
        1,
        null,
        1,
        null,
        1,
        1,
        null,
        null,
        1,
        1,
        null,
        null,
        null
      ]
    },
    "timestamp": 1539185048
  }
}
