{
  "RSpec": {
    "coverage": {
      "/Users/preetiudas/projects/oystercard/spec/calculatefare_spec.rb": [
        1,
        null,
        1,
        null,
        2,
        2,
        null,
        1,
        1,
        null,
        null,
        1,
        1,
        null,
        null,
        1,
        1,
        null,
        null,
        1,
        1,
        null,
        null,
        null
      ],
      "/Users/preetiudas/projects/oystercard/lib/calculatefare.rb": [
        1,
        null,
        1,
        null,
        1,
        1,
        null,
        1,
        5,
        null,
        null,
        1,
        1,
        null,
        null,
        1,
        6,
        5,
        1,
        0,
        4,
        0,
        0,
        null,
        null,
        null,
        1,
        3,
        null,
        null,
        null
      ],
      "/Users/preetiudas/projects/oystercard/lib/station.rb": [
        1,
        1,
        null,
        1,
        null,
        1,
        null,
        1,
        1,
        1,
        null,
        null,
        null
      ],
      "/Users/preetiudas/projects/oystercard/lib/oyster.rb": [
        1,
        1,
        null,
        1,
        null,
        1,
        14,
        14,
        14,
        14,
        null,
        null,
        1,
        5,
        null,
        null,
        1,
        4,
        3,
        3,
        null,
        null,
        1,
        3,
        2,
        2,
        2,
        2,
        null,
        null,
        1,
        7,
        6,
        null,
        null,
        1,
        5,
        null,
        null,
        1,
        0,
        null,
        null,
        1,
        5,
        null,
        null,
        1,
        13,
        null,
        null,
        1,
        2,
        2,
        6,
        null,
        2,
        null,
        null,
        null
      ],
      "/Users/preetiudas/projects/oystercard/lib/calculatezone.rb": [
        1,
        null,
        1,
        3,
        null,
        null,
        null,
        null,
        null,
        null,
        null,
        1,
        3,
        6,
        null,
        1,
        null,
        null
      ],
      "/Users/preetiudas/projects/oystercard/spec/calculatezone_spec.rb": [
        1,
        null,
        1,
        null,
        1,
        1,
        null,
        null,
        1,
        1,
        null,
        null,
        null
      ],
      "/Users/preetiudas/projects/oystercard/spec/journey_spec.rb": [
        1,
        null,
        1,
        null,
        7,
        2,
        2,
        7,
        null,
        1,
        null,
        1,
        1,
        null,
        null,
        1,
        1,
        1,
        null,
        null,
        1,
        1,
        null,
        null,
        null,
        null,
        1,
        null,
        1,
        1,
        1,
        null,
        null,
        1,
        1,
        1,
        null,
        null,
        1,
        1,
        1,
        null,
        null,
        null,
        null
      ],
      "/Users/preetiudas/projects/oystercard/lib/journey.rb": [
        1,
        1,
        null,
        1,
        null,
        1,
        9,
        9,
        9,
        9,
        null,
        null,
        1,
        1,
        null,
        null,
        1,
        0,
        null,
        null,
        1,
        6,
        null,
        null,
        1,
        4,
        null,
        null,
        1,
        5,
        null,
        null,
        null
      ],
      "/Users/preetiudas/projects/oystercard/spec/oyster_spec.rb": [
        1,
        null,
        1,
        6,
        3,
        5,
        4,
        4,
        15,
        null,
        1,
        1,
        1,
        null,
        null,
        1,
        1,
        1,
        null,
        null,
        1,
        2,
        null,
        null,
        1,
        1,
        null,
        null,
        1,
        1,
        1,
        1,
        null,
        null,
        null,
        null,
        1,
        1,
        1,
        1,
        1,
        null,
        null,
        1,
        2,
        null,
        null,
        null,
        1,
        1,
        1,
        1,
        1,
        1,
        null,
        null,
        1,
        1,
        1,
        1,
        null,
        null,
        null,
        1,
        1,
        1,
        null,
        null,
        null,
        1,
        1,
        1,
        1,
        null,
        null,
        1,
        1,
        2,
        null,
        null,
        null,
        null,
        1,
        1,
        1,
        1,
        1,
        1,
        null,
        null,
        1,
        1,
        1,
        1,
        1,
        1,
        null,
        null,
        null,
        null,
        null
      ],
      "/Users/preetiudas/projects/oystercard/spec/station_spec.rb": [
        1,
        null,
        1,
        null,
        1,
        1,
        1,
        1,
        null,
        null,
        1,
        1,
        null,
        null,
        null
      ]
    },
    "timestamp": 1539192348
  }
}
